
> fairpass@1.0.0 dev
> cd frontend && npm run dev


> frontend@0.1.0 dev
> next dev --turbopack

 ⚠ Warning: Found multiple lockfiles. Selecting /Users/ziying.tey/Documents/FairPass/package-lock.json.
   Consider removing the lockfiles at:
   * /Users/ziying.tey/Documents/FairPass/frontend/package-lock.json

   ▲ Next.js 15.4.5 (Turbopack)
   - Local:        http://localhost:3000
   - Network:      http://192.168.0.160:3000

 ✓ Starting...
 ✓ Ready in 939ms
 ○ Compiling / ...
 ✓ Compiled / in 6.1s
Lit is in dev mode. Not recommended for production! See https://lit.dev/msg/dev-mode for more information.
 GET / 200 in 6551ms
[Reown Config] Failed to fetch remote project configuration. Using local/default values. Error: HTTP status code: 403
    at fetchData (../../../../src/utils/FetchUtil.ts:23:16)
    at async FetchUtil.get (../../../../src/utils/FetchUtil.ts:44:21)
    at async Object.fetchProjectConfig (../../../../src/controllers/ApiController.ts:158:21)
    at async Object.fetchRemoteFeatures (../../../../src/utils/ConfigUtil.ts:233:25)
    at async AppKit.initialize (../../../../src/client/appkit-base-client.ts:165:26) {
  [cause]: Response {
    status: 403,
    statusText: 'Forbidden',
    headers: Headers {
      date: 'Mon, 04 Aug 2025 19:42:48 GMT',
      'content-type': 'text/plain; charset=UTF-8',
      'content-length': '9',
      connection: 'keep-alive',
      'access-control-allow-origin': '*',
      'cache-control': 'public, max-age=300, s-maxage=300',
      vary: 'Accept-Encoding',
      server: 'cloudflare',
      'cf-ray': '96a08a40d8275659-SIN',
      'alt-svc': 'h3=":443"; ma=86400'
    },
    body: undefined,
    bodyUsed: false,
    ok: false,
    redirected: false,
    type: 'default',
    url: 'https://api.web3modal.org/appkit/v1/config?projectId=fairpass-web3-ticketing&st=appkit&sv=html-core-1.7.8'
  }
}
 HEAD / 200 in 278ms
 ○ Compiling /favicon.ico ...
 GET /favicon.ico?favicon.45db1c09.ico 200 in 572ms
 ✓ Compiled /favicon.ico in 1842ms
 GET /auth 200 in 1780ms
 ○ Compiling /events ...
 ✓ Compiled /events in 1011ms
 GET /events 200 in 1083ms
 HEAD /events 200 in 107ms
 GET /favicon.ico?favicon.45db1c09.ico 200 in 254ms
 ○ Compiling /tickets ...
 ✓ Compiled /tickets in 929ms
 GET /tickets 200 in 968ms
 GET /events 200 in 56ms
 GET /tickets 200 in 42ms
